# JRE version: OpenJDK Runtime Environment (8.0_152-b01) (build 1.8.0_152-release-915-b01)
# Java VM: OpenJDK 64-Bit Server VM (25.152-b01 mixed mode windows-amd64 compressed oops)
Heap:
 PSYoungGen      total 200192K, used 166097K [0x00000000e0000000, 0x00000000f3000000, 0x0000000100000000)
  eden space 126464K, 86% used [0x00000000e0000000,0x00000000e6a722c0,0x00000000e7b80000)
  from space 73728K, 77% used [0x00000000ec980000,0x00000000f0142320,0x00000000f1180000)
  to   space 79872K, 0% used [0x00000000e7b80000,0x00000000e7b80000,0x00000000ec980000)
 ParOldGen       total 102912K, used 54718K [0x00000000a0000000, 0x00000000a6480000, 0x00000000e0000000)
  object space 102912K, 53% used [0x00000000a0000000,0x00000000a356f830,0x00000000a6480000)
 Metaspace       used 74601K, capacity 77500K, committed 77656K, reserved 1116160K
  class space    used 9340K, capacity 10009K, committed 10112K, reserved 1048576K
GC Heap History (10 events):
Event: 1481.615 GC heap before
{Heap before GC invocations=21 (full 3):
 PSYoungGen      total 184832K, used 184263K [0x00000000e0000000, 0x00000000ef380000, 0x0000000100000000)
  eden space 152064K, 100% used [0x00000000e0000000,0x00000000e9480000,0x00000000e9480000)
  from space 32768K, 98% used [0x00000000e9480000,0x00000000eb3f1ea8,0x00000000eb480000)
  to   space 37888K, 0% used [0x00000000ece80000,0x00000000ece80000,0x00000000ef380000)
 ParOldGen       total 102912K, used 40382K [0x00000000a0000000, 0x00000000a6480000, 0x00000000e0000000)
  object space 102912K, 39% used [0x00000000a0000000,0x00000000a276f808,0x00000000a6480000)
 Metaspace       used 72673K, capacity 75390K, committed 75608K, reserved 1116160K
  class space    used 9199K, capacity 9812K, committed 9856K, reserved 1048576K
Event: 1481.729 GC heap after
Heap after GC invocations=21 (full 3):
 PSYoungGen      total 184832K, used 37883K [0x00000000e0000000, 0x00000000ef380000, 0x0000000100000000)
  eden space 146944K, 0% used [0x00000000e0000000,0x00000000e0000000,0x00000000e8f80000)
  from space 37888K, 99% used [0x00000000ece80000,0x00000000ef37eea8,0x00000000ef380000)
  to   space 47104K, 0% used [0x00000000e9780000,0x00000000e9780000,0x00000000ec580000)
 ParOldGen       total 102912K, used 49465K [0x00000000a0000000, 0x00000000a6480000, 0x00000000e0000000)
  object space 102912K, 48% used [0x00000000a0000000,0x00000000a304e6e0,0x00000000a6480000)
 Metaspace       used 72673K, capacity 75390K, committed 75608K, reserved 1116160K
  class space    used 9199K, capacity 9812K, committed 9856K, reserved 1048576K
}
Event: 1498.084 GC heap before
{Heap before GC invocations=22 (full 3):
 PSYoungGen      total 184832K, used 184827K [0x00000000e0000000, 0x00000000ef380000, 0x0000000100000000)
  eden space 146944K, 100% used [0x00000000e0000000,0x00000000e8f80000,0x00000000e8f80000)
  from space 37888K, 99% used [0x00000000ece80000,0x00000000ef37eea8,0x00000000ef380000)
  to   space 47104K, 0% used [0x00000000e9780000,0x00000000e9780000,0x00000000ec580000)
 ParOldGen       total 102912K, used 49465K [0x00000000a0000000, 0x00000000a6480000, 0x00000000e0000000)
  object space 102912K, 48% used [0x00000000a0000000,0x00000000a304e6e0,0x00000000a6480000)
 Metaspace       used 73500K, capacity 76346K, committed 76504K, reserved 1116160K
  class space    used 9271K, capacity 9898K, committed 9984K, reserved 1048576K
Event: 1498.157 GC heap after
Heap after GC invocations=22 (full 3):
 PSYoungGen      total 188928K, used 47077K [0x00000000e0000000, 0x00000000ef780000, 0x0000000100000000)
  eden space 141824K, 0% used [0x00000000e0000000,0x00000000e0000000,0x00000000e8a80000)
  from space 47104K, 99% used [0x00000000e9780000,0x00000000ec5796c8,0x00000000ec580000)
  to   space 51200K, 0% used [0x00000000ec580000,0x00000000ec580000,0x00000000ef780000)
 ParOldGen       total 102912K, used 50891K [0x00000000a0000000, 0x00000000a6480000, 0x00000000e0000000)
  object space 102912K, 49% used [0x00000000a0000000,0x00000000a31b2f60,0x00000000a6480000)
 Metaspace       used 73500K, capacity 76346K, committed 76504K, reserved 1116160K
  class space    used 9271K, capacity 9898K, committed 9984K, reserved 1048576K
}
Event: 1503.435 GC heap before
{Heap before GC invocations=23 (full 3):
 PSYoungGen      total 188928K, used 188901K [0x00000000e0000000, 0x00000000ef780000, 0x0000000100000000)
  eden space 141824K, 100% used [0x00000000e0000000,0x00000000e8a80000,0x00000000e8a80000)
  from space 47104K, 99% used [0x00000000e9780000,0x00000000ec5796c8,0x00000000ec580000)
  to   space 51200K, 0% used [0x00000000ec580000,0x00000000ec580000,0x00000000ef780000)
 ParOldGen       total 102912K, used 50891K [0x00000000a0000000, 0x00000000a6480000, 0x00000000e0000000)
  object space 102912K, 49% used [0x00000000a0000000,0x00000000a31b2f60,0x00000000a6480000)
 Metaspace       used 73966K, capacity 76810K, committed 77016K, reserved 1116160K
  class space    used 9309K, capacity 9950K, committed 9984K, reserved 1048576K
Event: 1503.515 GC heap after
Heap after GC invocations=23 (full 3):
 PSYoungGen      total 188416K, used 51182K [0x00000000e0000000, 0x00000000f0400000, 0x0000000100000000)
  eden space 137216K, 0% used [0x00000000e0000000,0x00000000e0000000,0x00000000e8600000)
  from space 51200K, 99% used [0x00000000ec580000,0x00000000ef77b8e8,0x00000000ef780000)
  to   space 64512K, 0% used [0x00000000e8600000,0x00000000e8600000,0x00000000ec500000)
 ParOldGen       total 102912K, used 54718K [0x00000000a0000000, 0x00000000a6480000, 0x00000000e0000000)
  object space 102912K, 53% used [0x00000000a0000000,0x00000000a356f830,0x00000000a6480000)
 Metaspace       used 73966K, capacity 76810K, committed 77016K, reserved 1116160K
  class space    used 9309K, capacity 9950K, committed 9984K, reserved 1048576K
}
Event: 1513.471 GC heap before
{Heap before GC invocations=24 (full 3):
 PSYoungGen      total 188416K, used 188398K [0x00000000e0000000, 0x00000000f0400000, 0x0000000100000000)
  eden space 137216K, 100% used [0x00000000e0000000,0x00000000e8600000,0x00000000e8600000)
  from space 51200K, 99% used [0x00000000ec580000,0x00000000ef77b8e8,0x00000000ef780000)
  to   space 64512K, 0% used [0x00000000e8600000,0x00000000e8600000,0x00000000ec500000)
 ParOldGen       total 102912K, used 54718K [0x00000000a0000000, 0x00000000a6480000, 0x00000000e0000000)
  object space 102912K, 53% used [0x00000000a0000000,0x00000000a356f830,0x00000000a6480000)
 Metaspace       used 74303K, capacity 77190K, committed 77400K, reserved 1116160K
  class space    used 9333K, capacity 9998K, committed 10112K, reserved 1048576K
Event: 1513.539 GC heap after
Heap after GC invocations=24 (full 3):
 PSYoungGen      total 197120K, used 59978K [0x00000000e0000000, 0x00000000f1180000, 0x0000000100000000)
  eden space 132608K, 0% used [0x00000000e0000000,0x00000000e0000000,0x00000000e8180000)
  from space 64512K, 92% used [0x00000000e8600000,0x00000000ec092b98,0x00000000ec500000)
  to   space 73728K, 0% used [0x00000000ec980000,0x00000000ec980000,0x00000000f1180000)
 ParOldGen       total 102912K, used 54718K [0x00000000a0000000, 0x00000000a6480000, 0x00000000e0000000)
  object space 102912K, 53% used [0x00000000a0000000,0x00000000a356f830,0x00000000a6480000)
 Metaspace       used 74303K, capacity 77190K, committed 77400K, reserved 1116160K
  class space    used 9333K, capacity 9998K, committed 10112K, reserved 1048576K
}
Event: 1517.836 GC heap before
{Heap before GC invocations=25 (full 3):
 PSYoungGen      total 197120K, used 192582K [0x00000000e0000000, 0x00000000f1180000, 0x0000000100000000)
  eden space 132608K, 99% used [0x00000000e0000000,0x00000000e817ee50,0x00000000e8180000)
  from space 64512K, 92% used [0x00000000e8600000,0x00000000ec092b98,0x00000000ec500000)
  to   space 73728K, 0% used [0x00000000ec980000,0x00000000ec980000,0x00000000f1180000)
 ParOldGen       total 102912K, used 54718K [0x00000000a0000000, 0x00000000a6480000, 0x00000000e0000000)
  object space 102912K, 53% used [0x00000000a0000000,0x00000000a356f830,0x00000000a6480000)
 Metaspace       used 74472K, capacity 77408K, committed 77656K, reserved 1116160K
  class space    used 9336K, capacity 10003K, committed 10112K, reserved 1048576K
Event: 1517.902 GC heap after
Heap after GC invocations=25 (full 3):
 PSYoungGen      total 200192K, used 57096K [0x00000000e0000000, 0x00000000f3000000, 0x0000000100000000)
  eden space 126464K, 0% used [0x00000000e0000000,0x00000000e0000000,0x00000000e7b80000)
  from space 73728K, 77% used [0x00000000ec980000,0x00000000f0142320,0x00000000f1180000)
  to   space 79872K, 0% used [0x00000000e7b80000,0x00000000e7b80000,0x00000000ec980000)
 ParOldGen       total 102912K, used 54718K [0x00000000a0000000, 0x00000000a6480000, 0x00000000e0000000)
  object space 102912K, 53% used [0x00000000a0000000,0x00000000a356f830,0x00000000a6480000)
 Metaspace       used 74472K, capacity 77408K, committed 77656K, reserved 1116160K
  class space    used 9336K, capacity 10003K, committed 10112K, reserved 1048576K
}

