# JRE version: OpenJDK Runtime Environment (8.0_152-b01) (build 1.8.0_152-release-915-b01)
# Java VM: OpenJDK 64-Bit Server VM (25.152-b01 mixed mode windows-amd64 compressed oops)
Heap:
 PSYoungGen      total 484864K, used 59967K [0x00000000e0000000, 0x0000000100000000, 0x0000000100000000)
  eden space 448000K, 12% used [0x00000000e0000000,0x00000000e3481e18,0x00000000fb580000)
  from space 36864K, 16% used [0x00000000fb580000,0x00000000fbb8e048,0x00000000fd980000)
  to   space 36352K, 0% used [0x00000000fdc80000,0x00000000fdc80000,0x0000000100000000)
 ParOldGen       total 159744K, used 113178K [0x00000000a0000000, 0x00000000a9c00000, 0x00000000e0000000)
  object space 159744K, 70% used [0x00000000a0000000,0x00000000a6e86948,0x00000000a9c00000)
 Metaspace       used 83579K, capacity 88410K, committed 88704K, reserved 1126400K
  class space    used 10455K, capacity 11591K, committed 11648K, reserved 1048576K
GC Heap History (10 events):
Event: 331.816 GC heap before
{Heap before GC invocations=27 (full 4):
 PSYoungGen      total 470528K, used 463668K [0x00000000e0000000, 0x00000000fef80000, 0x0000000100000000)
  eden space 442880K, 100% used [0x00000000e0000000,0x00000000fb080000,0x00000000fb080000)
  from space 27648K, 75% used [0x00000000fd480000,0x00000000fe8cd398,0x00000000fef80000)
  to   space 32256K, 0% used [0x00000000fb080000,0x00000000fb080000,0x00000000fd000000)
 ParOldGen       total 159744K, used 98862K [0x00000000a0000000, 0x00000000a9c00000, 0x00000000e0000000)
  object space 159744K, 61% used [0x00000000a0000000,0x00000000a608b9a0,0x00000000a9c00000)
 Metaspace       used 80722K, capacity 85246K, committed 85504K, reserved 1124352K
  class space    used 10121K, capacity 11211K, committed 11264K, reserved 1048576K
Event: 331.859 GC heap after
Heap after GC invocations=27 (full 4):
 PSYoungGen      total 475136K, used 32255K [0x00000000e0000000, 0x0000000100000000, 0x0000000100000000)
  eden space 442880K, 0% used [0x00000000e0000000,0x00000000e0000000,0x00000000fb080000)
  from space 32256K, 99% used [0x00000000fb080000,0x00000000fcfffe48,0x00000000fd000000)
  to   space 37888K, 0% used [0x00000000fdb00000,0x00000000fdb00000,0x0000000100000000)
 ParOldGen       total 159744K, used 101653K [0x00000000a0000000, 0x00000000a9c00000, 0x00000000e0000000)
  object space 159744K, 63% used [0x00000000a0000000,0x00000000a6345620,0x00000000a9c00000)
 Metaspace       used 80722K, capacity 85246K, committed 85504K, reserved 1124352K
  class space    used 10121K, capacity 11211K, committed 11264K, reserved 1048576K
}
Event: 334.478 GC heap before
{Heap before GC invocations=28 (full 4):
 PSYoungGen      total 475136K, used 475135K [0x00000000e0000000, 0x0000000100000000, 0x0000000100000000)
  eden space 442880K, 100% used [0x00000000e0000000,0x00000000fb080000,0x00000000fb080000)
  from space 32256K, 99% used [0x00000000fb080000,0x00000000fcfffe48,0x00000000fd000000)
  to   space 37888K, 0% used [0x00000000fdb00000,0x00000000fdb00000,0x0000000100000000)
 ParOldGen       total 159744K, used 101653K [0x00000000a0000000, 0x00000000a9c00000, 0x00000000e0000000)
  object space 159744K, 63% used [0x00000000a0000000,0x00000000a6345620,0x00000000a9c00000)
 Metaspace       used 81551K, capacity 86042K, committed 86400K, reserved 1124352K
  class space    used 10203K, capacity 11283K, committed 11392K, reserved 1048576K
Event: 334.503 GC heap after
Heap after GC invocations=28 (full 4):
 PSYoungGen      total 486912K, used 7044K [0x00000000e0000000, 0x0000000100000000, 0x0000000100000000)
  eden space 449024K, 0% used [0x00000000e0000000,0x00000000e0000000,0x00000000fb680000)
  from space 37888K, 18% used [0x00000000fdb00000,0x00000000fe1e12a0,0x0000000100000000)
  to   space 37376K, 0% used [0x00000000fb680000,0x00000000fb680000,0x00000000fdb00000)
 ParOldGen       total 159744K, used 107521K [0x00000000a0000000, 0x00000000a9c00000, 0x00000000e0000000)
  object space 159744K, 67% used [0x00000000a0000000,0x00000000a69006f0,0x00000000a9c00000)
 Metaspace       used 81551K, capacity 86042K, committed 86400K, reserved 1124352K
  class space    used 10203K, capacity 11283K, committed 11392K, reserved 1048576K
}
Event: 338.700 GC heap before
{Heap before GC invocations=29 (full 4):
 PSYoungGen      total 486912K, used 455196K [0x00000000e0000000, 0x0000000100000000, 0x0000000100000000)
  eden space 449024K, 99% used [0x00000000e0000000,0x00000000fb5a5ea8,0x00000000fb680000)
  from space 37888K, 18% used [0x00000000fdb00000,0x00000000fe1e12a0,0x0000000100000000)
  to   space 37376K, 0% used [0x00000000fb680000,0x00000000fb680000,0x00000000fdb00000)
 ParOldGen       total 159744K, used 107521K [0x00000000a0000000, 0x00000000a9c00000, 0x00000000e0000000)
  object space 159744K, 67% used [0x00000000a0000000,0x00000000a69006f0,0x00000000a9c00000)
 Metaspace       used 82456K, capacity 86950K, committed 87168K, reserved 1124352K
  class space    used 10303K, capacity 11365K, committed 11392K, reserved 1048576K
Event: 338.713 GC heap after
Heap after GC invocations=29 (full 4):
 PSYoungGen      total 467456K, used 17999K [0x00000000e0000000, 0x00000000ffc80000, 0x0000000100000000)
  eden space 449024K, 0% used [0x00000000e0000000,0x00000000e0000000,0x00000000fb680000)
  from space 18432K, 97% used [0x00000000fb680000,0x00000000fc813c10,0x00000000fc880000)
  to   space 35840K, 0% used [0x00000000fd980000,0x00000000fd980000,0x00000000ffc80000)
 ParOldGen       total 159744K, used 108077K [0x00000000a0000000, 0x00000000a9c00000, 0x00000000e0000000)
  object space 159744K, 67% used [0x00000000a0000000,0x00000000a698b738,0x00000000a9c00000)
 Metaspace       used 82456K, capacity 86950K, committed 87168K, reserved 1124352K
  class space    used 10303K, capacity 11365K, committed 11392K, reserved 1048576K
}
Event: 338.855 GC heap before
{Heap before GC invocations=30 (full 4):
 PSYoungGen      total 467456K, used 466741K [0x00000000e0000000, 0x00000000ffc80000, 0x0000000100000000)
  eden space 449024K, 99% used [0x00000000e0000000,0x00000000fb639918,0x00000000fb680000)
  from space 18432K, 97% used [0x00000000fb680000,0x00000000fc813c10,0x00000000fc880000)
  to   space 35840K, 0% used [0x00000000fd980000,0x00000000fd980000,0x00000000ffc80000)
 ParOldGen       total 159744K, used 108077K [0x00000000a0000000, 0x00000000a9c00000, 0x00000000e0000000)
  object space 159744K, 67% used [0x00000000a0000000,0x00000000a698b738,0x00000000a9c00000)
 Metaspace       used 82457K, capacity 86950K, committed 87168K, reserved 1124352K
  class space    used 10303K, capacity 11365K, committed 11392K, reserved 1048576K
Event: 338.860 GC heap after
Heap after GC invocations=30 (full 4):
 PSYoungGen      total 483840K, used 128K [0x00000000e0000000, 0x0000000100000000, 0x0000000100000000)
  eden space 448000K, 0% used [0x00000000e0000000,0x00000000e0000000,0x00000000fb580000)
  from space 35840K, 0% used [0x00000000fd980000,0x00000000fd9a0000,0x00000000ffc80000)
  to   space 36864K, 0% used [0x00000000fb580000,0x00000000fb580000,0x00000000fd980000)
 ParOldGen       total 159744K, used 113130K [0x00000000a0000000, 0x00000000a9c00000, 0x00000000e0000000)
  object space 159744K, 70% used [0x00000000a0000000,0x00000000a6e7a948,0x00000000a9c00000)
 Metaspace       used 82457K, capacity 86950K, committed 87168K, reserved 1124352K
  class space    used 10303K, capacity 11365K, committed 11392K, reserved 1048576K
}
Event: 2224.821 GC heap before
{Heap before GC invocations=31 (full 4):
 PSYoungGen      total 483840K, used 448128K [0x00000000e0000000, 0x0000000100000000, 0x0000000100000000)
  eden space 448000K, 100% used [0x00000000e0000000,0x00000000fb580000,0x00000000fb580000)
  from space 35840K, 0% used [0x00000000fd980000,0x00000000fd9a0000,0x00000000ffc80000)
  to   space 36864K, 0% used [0x00000000fb580000,0x00000000fb580000,0x00000000fd980000)
 ParOldGen       total 159744K, used 113130K [0x00000000a0000000, 0x00000000a9c00000, 0x00000000e0000000)
  object space 159744K, 70% used [0x00000000a0000000,0x00000000a6e7a948,0x00000000a9c00000)
 Metaspace       used 83555K, capacity 88346K, committed 88448K, reserved 1126400K
  class space    used 10454K, capacity 11591K, committed 11648K, reserved 1048576K
Event: 2243.899 GC heap after
Heap after GC invocations=31 (full 4):
 PSYoungGen      total 484864K, used 6200K [0x00000000e0000000, 0x0000000100000000, 0x0000000100000000)
  eden space 448000K, 0% used [0x00000000e0000000,0x00000000e0000000,0x00000000fb580000)
  from space 36864K, 16% used [0x00000000fb580000,0x00000000fbb8e048,0x00000000fd980000)
  to   space 36352K, 0% used [0x00000000fdc80000,0x00000000fdc80000,0x0000000100000000)
 ParOldGen       total 159744K, used 113178K [0x00000000a0000000, 0x00000000a9c00000, 0x00000000e0000000)
  object space 159744K, 70% used [0x00000000a0000000,0x00000000a6e86948,0x00000000a9c00000)
 Metaspace       used 83555K, capacity 88346K, committed 88448K, reserved 1126400K
  class space    used 10454K, capacity 11591K, committed 11648K, reserved 1048576K
}

