# JRE version: OpenJDK Runtime Environment (8.0_152-b01) (build 1.8.0_152-release-915-b01)
# Java VM: OpenJDK 64-Bit Server VM (25.152-b01 mixed mode windows-amd64 compressed oops)
Heap:
 PSYoungGen      total 318464K, used 274827K [0x00000000e0000000, 0x00000000f8780000, 0x0000000100000000)
  eden space 305664K, 85% used [0x00000000e0000000,0x00000000f00387a0,0x00000000f2a80000)
  from space 12800K, 97% used [0x00000000f7b00000,0x00000000f872a648,0x00000000f8780000)
  to   space 25088K, 0% used [0x00000000f5680000,0x00000000f5680000,0x00000000f6f00000)
 ParOldGen       total 128512K, used 71012K [0x00000000a0000000, 0x00000000a7d80000, 0x00000000e0000000)
  object space 128512K, 55% used [0x00000000a0000000,0x00000000a45590e8,0x00000000a7d80000)
 Metaspace       used 80127K, capacity 87082K, committed 87256K, reserved 1124352K
  class space    used 9951K, capacity 11438K, committed 11520K, reserved 1048576K
GC Heap History (10 events):
Event: 6643.354 GC heap before
{Heap before GC invocations=42 (full 4):
 PSYoungGen      total 388096K, used 387790K [0x00000000e0000000, 0x00000000fc380000, 0x0000000100000000)
  eden space 379904K, 100% used [0x00000000e0000000,0x00000000f7300000,0x00000000f7300000)
  from space 8192K, 96% used [0x00000000f9400000,0x00000000f9bb3970,0x00000000f9c00000)
  to   space 26624K, 0% used [0x00000000fa980000,0x00000000fa980000,0x00000000fc380000)
 ParOldGen       total 128512K, used 70972K [0x00000000a0000000, 0x00000000a7d80000, 0x00000000e0000000)
  object space 128512K, 55% used [0x00000000a0000000,0x00000000a454f0e8,0x00000000a7d80000)
 Metaspace       used 78573K, capacity 83722K, committed 83800K, reserved 1122304K
  class space    used 9688K, capacity 10874K, committed 10880K, reserved 1048576K
Event: 6643.519 GC heap after
Heap after GC invocations=42 (full 4):
 PSYoungGen      total 372224K, used 8586K [0x00000000e0000000, 0x00000000fb200000, 0x0000000100000000)
  eden space 363520K, 0% used [0x00000000e0000000,0x00000000e0000000,0x00000000f6300000)
  from space 8704K, 98% used [0x00000000fa980000,0x00000000fb1e2b88,0x00000000fb200000)
  to   space 25600K, 0% used [0x00000000f8000000,0x00000000f8000000,0x00000000f9900000)
 ParOldGen       total 128512K, used 70980K [0x00000000a0000000, 0x00000000a7d80000, 0x00000000e0000000)
  object space 128512K, 55% used [0x00000000a0000000,0x00000000a45510e8,0x00000000a7d80000)
 Metaspace       used 78573K, capacity 83722K, committed 83800K, reserved 1122304K
  class space    used 9688K, capacity 10874K, committed 10880K, reserved 1048576K
}
Event: 6893.625 GC heap before
{Heap before GC invocations=43 (full 4):
 PSYoungGen      total 372224K, used 372106K [0x00000000e0000000, 0x00000000fb200000, 0x0000000100000000)
  eden space 363520K, 100% used [0x00000000e0000000,0x00000000f6300000,0x00000000f6300000)
  from space 8704K, 98% used [0x00000000fa980000,0x00000000fb1e2b88,0x00000000fb200000)
  to   space 25600K, 0% used [0x00000000f8000000,0x00000000f8000000,0x00000000f9900000)
 ParOldGen       total 128512K, used 70980K [0x00000000a0000000, 0x00000000a7d80000, 0x00000000e0000000)
  object space 128512K, 55% used [0x00000000a0000000,0x00000000a45510e8,0x00000000a7d80000)
 Metaspace       used 79726K, capacity 86412K, committed 86616K, reserved 1124352K
  class space    used 9907K, capacity 11299K, committed 11392K, reserved 1048576K
Event: 6893.787 GC heap after
Heap after GC invocations=43 (full 4):
 PSYoungGen      total 368640K, used 20043K [0x00000000e0000000, 0x00000000faa00000, 0x0000000100000000)
  eden space 348160K, 0% used [0x00000000e0000000,0x00000000e0000000,0x00000000f5400000)
  from space 20480K, 97% used [0x00000000f8000000,0x00000000f9392c20,0x00000000f9400000)
  to   space 22528K, 0% used [0x00000000f9400000,0x00000000f9400000,0x00000000faa00000)
 ParOldGen       total 128512K, used 70988K [0x00000000a0000000, 0x00000000a7d80000, 0x00000000e0000000)
  object space 128512K, 55% used [0x00000000a0000000,0x00000000a45530e8,0x00000000a7d80000)
 Metaspace       used 79726K, capacity 86412K, committed 86616K, reserved 1124352K
  class space    used 9907K, capacity 11299K, committed 11392K, reserved 1048576K
}
Event: 7226.874 GC heap before
{Heap before GC invocations=44 (full 4):
 PSYoungGen      total 368640K, used 368203K [0x00000000e0000000, 0x00000000faa00000, 0x0000000100000000)
  eden space 348160K, 100% used [0x00000000e0000000,0x00000000f5400000,0x00000000f5400000)
  from space 20480K, 97% used [0x00000000f8000000,0x00000000f9392c20,0x00000000f9400000)
  to   space 22528K, 0% used [0x00000000f9400000,0x00000000f9400000,0x00000000faa00000)
 ParOldGen       total 128512K, used 70988K [0x00000000a0000000, 0x00000000a7d80000, 0x00000000e0000000)
  object space 128512K, 55% used [0x00000000a0000000,0x00000000a45530e8,0x00000000a7d80000)
 Metaspace       used 79871K, capacity 86710K, committed 86872K, reserved 1124352K
  class space    used 9929K, capacity 11358K, committed 11392K, reserved 1048576K
Event: 7226.951 GC heap after
Heap after GC invocations=44 (full 4):
 PSYoungGen      total 342016K, used 8254K [0x00000000e0000000, 0x00000000f9c80000, 0x0000000100000000)
  eden space 333312K, 0% used [0x00000000e0000000,0x00000000e0000000,0x00000000f4580000)
  from space 8704K, 94% used [0x00000000f9400000,0x00000000f9c0f950,0x00000000f9c80000)
  to   space 26624K, 0% used [0x00000000f6880000,0x00000000f6880000,0x00000000f8280000)
 ParOldGen       total 128512K, used 70996K [0x00000000a0000000, 0x00000000a7d80000, 0x00000000e0000000)
  object space 128512K, 55% used [0x00000000a0000000,0x00000000a45550e8,0x00000000a7d80000)
 Metaspace       used 79871K, capacity 86710K, committed 86872K, reserved 1124352K
  class space    used 9929K, capacity 11358K, committed 11392K, reserved 1048576K
}
Event: 7318.055 GC heap before
{Heap before GC invocations=45 (full 4):
 PSYoungGen      total 342016K, used 341566K [0x00000000e0000000, 0x00000000f9c80000, 0x0000000100000000)
  eden space 333312K, 100% used [0x00000000e0000000,0x00000000f4580000,0x00000000f4580000)
  from space 8704K, 94% used [0x00000000f9400000,0x00000000f9c0f950,0x00000000f9c80000)
  to   space 26624K, 0% used [0x00000000f6880000,0x00000000f6880000,0x00000000f8280000)
 ParOldGen       total 128512K, used 70996K [0x00000000a0000000, 0x00000000a7d80000, 0x00000000e0000000)
  object space 128512K, 55% used [0x00000000a0000000,0x00000000a45550e8,0x00000000a7d80000)
 Metaspace       used 79925K, capacity 86710K, committed 86872K, reserved 1124352K
  class space    used 9929K, capacity 11358K, committed 11392K, reserved 1048576K
Event: 7318.224 GC heap after
Heap after GC invocations=45 (full 4):
 PSYoungGen      total 333824K, used 14473K [0x00000000e0000000, 0x00000000f9480000, 0x0000000100000000)
  eden space 318976K, 0% used [0x00000000e0000000,0x00000000e0000000,0x00000000f3780000)
  from space 14848K, 97% used [0x00000000f6880000,0x00000000f76a2488,0x00000000f7700000)
  to   space 26112K, 0% used [0x00000000f7b00000,0x00000000f7b00000,0x00000000f9480000)
 ParOldGen       total 128512K, used 71004K [0x00000000a0000000, 0x00000000a7d80000, 0x00000000e0000000)
  object space 128512K, 55% used [0x00000000a0000000,0x00000000a45570e8,0x00000000a7d80000)
 Metaspace       used 79925K, capacity 86710K, committed 86872K, reserved 1124352K
  class space    used 9929K, capacity 11358K, committed 11392K, reserved 1048576K
}
Event: 7539.191 GC heap before
{Heap before GC invocations=46 (full 4):
 PSYoungGen      total 333824K, used 333449K [0x00000000e0000000, 0x00000000f9480000, 0x0000000100000000)
  eden space 318976K, 100% used [0x00000000e0000000,0x00000000f3780000,0x00000000f3780000)
  from space 14848K, 97% used [0x00000000f6880000,0x00000000f76a2488,0x00000000f7700000)
  to   space 26112K, 0% used [0x00000000f7b00000,0x00000000f7b00000,0x00000000f9480000)
 ParOldGen       total 128512K, used 71004K [0x00000000a0000000, 0x00000000a7d80000, 0x00000000e0000000)
  object space 128512K, 55% used [0x00000000a0000000,0x00000000a45570e8,0x00000000a7d80000)
 Metaspace       used 80025K, capacity 86894K, committed 87256K, reserved 1124352K
  class space    used 9940K, capacity 11398K, committed 11520K, reserved 1048576K
Event: 7539.487 GC heap after
Heap after GC invocations=46 (full 4):
 PSYoungGen      total 318464K, used 12457K [0x00000000e0000000, 0x00000000f8780000, 0x0000000100000000)
  eden space 305664K, 0% used [0x00000000e0000000,0x00000000e0000000,0x00000000f2a80000)
  from space 12800K, 97% used [0x00000000f7b00000,0x00000000f872a648,0x00000000f8780000)
  to   space 25088K, 0% used [0x00000000f5680000,0x00000000f5680000,0x00000000f6f00000)
 ParOldGen       total 128512K, used 71012K [0x00000000a0000000, 0x00000000a7d80000, 0x00000000e0000000)
  object space 128512K, 55% used [0x00000000a0000000,0x00000000a45590e8,0x00000000a7d80000)
 Metaspace       used 80025K, capacity 86894K, committed 87256K, reserved 1124352K
  class space    used 9940K, capacity 11398K, committed 11520K, reserved 1048576K
}

