# JRE version: OpenJDK Runtime Environment (8.0_152-b01) (build 1.8.0_152-release-915-b01)
# Java VM: OpenJDK 64-Bit Server VM (25.152-b01 mixed mode windows-amd64 compressed oops)
Heap:
 PSYoungGen      total 132608K, used 27895K [0x00000000e0000000, 0x00000000ed700000, 0x0000000100000000)
  eden space 124928K, 16% used [0x00000000e0000000,0x00000000e143dc38,0x00000000e7a00000)
  from space 7680K, 93% used [0x00000000e7e00000,0x00000000e8500158,0x00000000e8580000)
  to   space 47616K, 0% used [0x00000000ea880000,0x00000000ea880000,0x00000000ed700000)
 ParOldGen       total 103424K, used 60733K [0x00000000a0000000, 0x00000000a6500000, 0x00000000e0000000)
  object space 103424K, 58% used [0x00000000a0000000,0x00000000a3b4f788,0x00000000a6500000)
 Metaspace       used 78003K, capacity 82972K, committed 83220K, reserved 1122304K
  class space    used 9645K, capacity 10733K, committed 10812K, reserved 1048576K
GC Heap History (10 events):
Event: 2954.250 GC heap before
{Heap before GC invocations=36 (full 3):
 PSYoungGen      total 196608K, used 161462K [0x00000000e0000000, 0x00000000ef500000, 0x0000000100000000)
  eden space 148480K, 100% used [0x00000000e0000000,0x00000000e9100000,0x00000000e9100000)
  from space 48128K, 26% used [0x00000000ec600000,0x00000000ed2ada08,0x00000000ef500000)
  to   space 51200K, 0% used [0x00000000e9100000,0x00000000e9100000,0x00000000ec300000)
 ParOldGen       total 103424K, used 59819K [0x00000000a0000000, 0x00000000a6500000, 0x00000000e0000000)
  object space 103424K, 57% used [0x00000000a0000000,0x00000000a3a6ac08,0x00000000a6500000)
 Metaspace       used 77789K, capacity 82604K, committed 82836K, reserved 1122304K
  class space    used 9622K, capacity 10653K, committed 10684K, reserved 1048576K
Event: 2954.267 GC heap after
Heap after GC invocations=36 (full 3):
 PSYoungGen      total 160256K, used 16682K [0x00000000e0000000, 0x00000000eee00000, 0x0000000100000000)
  eden space 143360K, 0% used [0x00000000e0000000,0x00000000e0000000,0x00000000e8c00000)
  from space 16896K, 98% used [0x00000000e9100000,0x00000000ea14aac8,0x00000000ea180000)
  to   space 50176K, 0% used [0x00000000ebd00000,0x00000000ebd00000,0x00000000eee00000)
 ParOldGen       total 103424K, used 60014K [0x00000000a0000000, 0x00000000a6500000, 0x00000000e0000000)
  object space 103424K, 58% used [0x00000000a0000000,0x00000000a3a9baf8,0x00000000a6500000)
 Metaspace       used 77789K, capacity 82604K, committed 82836K, reserved 1122304K
  class space    used 9622K, capacity 10653K, committed 10684K, reserved 1048576K
}
Event: 3148.836 GC heap before
{Heap before GC invocations=37 (full 3):
 PSYoungGen      total 160256K, used 160042K [0x00000000e0000000, 0x00000000eee00000, 0x0000000100000000)
  eden space 143360K, 100% used [0x00000000e0000000,0x00000000e8c00000,0x00000000e8c00000)
  from space 16896K, 98% used [0x00000000e9100000,0x00000000ea14aac8,0x00000000ea180000)
  to   space 50176K, 0% used [0x00000000ebd00000,0x00000000ebd00000,0x00000000eee00000)
 ParOldGen       total 103424K, used 60014K [0x00000000a0000000, 0x00000000a6500000, 0x00000000e0000000)
  object space 103424K, 58% used [0x00000000a0000000,0x00000000a3a9baf8,0x00000000a6500000)
 Metaspace       used 77856K, capacity 82724K, committed 82964K, reserved 1122304K
  class space    used 9634K, capacity 10693K, committed 10812K, reserved 1048576K
Event: 3148.847 GC heap after
Heap after GC invocations=37 (full 3):
 PSYoungGen      total 184320K, used 6832K [0x00000000e0000000, 0x00000000eea00000, 0x0000000100000000)
  eden space 138240K, 0% used [0x00000000e0000000,0x00000000e0000000,0x00000000e8700000)
  from space 46080K, 14% used [0x00000000ebd00000,0x00000000ec3ac148,0x00000000eea00000)
  to   space 50688K, 0% used [0x00000000e8700000,0x00000000e8700000,0x00000000eb880000)
 ParOldGen       total 103424K, used 60282K [0x00000000a0000000, 0x00000000a6500000, 0x00000000e0000000)
  object space 103424K, 58% used [0x00000000a0000000,0x00000000a3ade9e0,0x00000000a6500000)
 Metaspace       used 77856K, capacity 82724K, committed 82964K, reserved 1122304K
  class space    used 9634K, capacity 10693K, committed 10812K, reserved 1048576K
}
Event: 3154.832 GC heap before
{Heap before GC invocations=38 (full 3):
 PSYoungGen      total 184320K, used 145072K [0x00000000e0000000, 0x00000000eea00000, 0x0000000100000000)
  eden space 138240K, 100% used [0x00000000e0000000,0x00000000e8700000,0x00000000e8700000)
  from space 46080K, 14% used [0x00000000ebd00000,0x00000000ec3ac148,0x00000000eea00000)
  to   space 50688K, 0% used [0x00000000e8700000,0x00000000e8700000,0x00000000eb880000)
 ParOldGen       total 103424K, used 60282K [0x00000000a0000000, 0x00000000a6500000, 0x00000000e0000000)
  object space 103424K, 58% used [0x00000000a0000000,0x00000000a3ade9e0,0x00000000a6500000)
 Metaspace       used 77898K, capacity 82788K, committed 82964K, reserved 1122304K
  class space    used 9634K, capacity 10693K, committed 10812K, reserved 1048576K
Event: 3154.846 GC heap after
Heap after GC invocations=38 (full 3):
 PSYoungGen      total 144896K, used 10897K [0x00000000e0000000, 0x00000000ee380000, 0x0000000100000000)
  eden space 133632K, 0% used [0x00000000e0000000,0x00000000e0000000,0x00000000e8280000)
  from space 11264K, 96% used [0x00000000e8700000,0x00000000e91a45e0,0x00000000e9200000)
  to   space 49664K, 0% used [0x00000000eb300000,0x00000000eb300000,0x00000000ee380000)
 ParOldGen       total 103424K, used 60362K [0x00000000a0000000, 0x00000000a6500000, 0x00000000e0000000)
  object space 103424K, 58% used [0x00000000a0000000,0x00000000a3af29e0,0x00000000a6500000)
 Metaspace       used 77898K, capacity 82788K, committed 82964K, reserved 1122304K
  class space    used 9634K, capacity 10693K, committed 10812K, reserved 1048576K
}
Event: 3156.530 GC heap before
{Heap before GC invocations=39 (full 3):
 PSYoungGen      total 144896K, used 144513K [0x00000000e0000000, 0x00000000ee380000, 0x0000000100000000)
  eden space 133632K, 99% used [0x00000000e0000000,0x00000000e827be40,0x00000000e8280000)
  from space 11264K, 96% used [0x00000000e8700000,0x00000000e91a45e0,0x00000000e9200000)
  to   space 49664K, 0% used [0x00000000eb300000,0x00000000eb300000,0x00000000ee380000)
 ParOldGen       total 103424K, used 60362K [0x00000000a0000000, 0x00000000a6500000, 0x00000000e0000000)
  object space 103424K, 58% used [0x00000000a0000000,0x00000000a3af29e0,0x00000000a6500000)
 Metaspace       used 77917K, capacity 82788K, committed 82964K, reserved 1122304K
  class space    used 9634K, capacity 10693K, committed 10812K, reserved 1048576K
Event: 3156.545 GC heap after
Heap after GC invocations=39 (full 3):
 PSYoungGen      total 172032K, used 12277K [0x00000000e0000000, 0x00000000edd00000, 0x0000000100000000)
  eden space 129024K, 0% used [0x00000000e0000000,0x00000000e0000000,0x00000000e7e00000)
  from space 43008K, 28% used [0x00000000eb300000,0x00000000ebefd658,0x00000000edd00000)
  to   space 48640K, 0% used [0x00000000e7e00000,0x00000000e7e00000,0x00000000ead80000)
 ParOldGen       total 103424K, used 60530K [0x00000000a0000000, 0x00000000a6500000, 0x00000000e0000000)
  object space 103424K, 58% used [0x00000000a0000000,0x00000000a3b1c8b0,0x00000000a6500000)
 Metaspace       used 77917K, capacity 82788K, committed 82964K, reserved 1122304K
  class space    used 9634K, capacity 10693K, committed 10812K, reserved 1048576K
}
Event: 3965.343 GC heap before
{Heap before GC invocations=40 (full 3):
 PSYoungGen      total 172032K, used 141301K [0x00000000e0000000, 0x00000000edd00000, 0x0000000100000000)
  eden space 129024K, 100% used [0x00000000e0000000,0x00000000e7e00000,0x00000000e7e00000)
  from space 43008K, 28% used [0x00000000eb300000,0x00000000ebefd658,0x00000000edd00000)
  to   space 48640K, 0% used [0x00000000e7e00000,0x00000000e7e00000,0x00000000ead80000)
 ParOldGen       total 103424K, used 60530K [0x00000000a0000000, 0x00000000a6500000, 0x00000000e0000000)
  object space 103424K, 58% used [0x00000000a0000000,0x00000000a3b1c8b0,0x00000000a6500000)
 Metaspace       used 78003K, capacity 82972K, committed 83220K, reserved 1122304K
  class space    used 9645K, capacity 10733K, committed 10812K, reserved 1048576K
Event: 3965.354 GC heap after
Heap after GC invocations=40 (full 3):
 PSYoungGen      total 132608K, used 7168K [0x00000000e0000000, 0x00000000ed700000, 0x0000000100000000)
  eden space 124928K, 0% used [0x00000000e0000000,0x00000000e0000000,0x00000000e7a00000)
  from space 7680K, 93% used [0x00000000e7e00000,0x00000000e8500158,0x00000000e8580000)
  to   space 47616K, 0% used [0x00000000ea880000,0x00000000ea880000,0x00000000ed700000)
 ParOldGen       total 103424K, used 60733K [0x00000000a0000000, 0x00000000a6500000, 0x00000000e0000000)
  object space 103424K, 58% used [0x00000000a0000000,0x00000000a3b4f788,0x00000000a6500000)
 Metaspace       used 78003K, capacity 82972K, committed 83220K, reserved 1122304K
  class space    used 9645K, capacity 10733K, committed 10812K, reserved 1048576K
}

